  1) releases/2021b
job start at Fri Mar 22 15:16:13 CET 2024
2024-03-22 15:16:18.212970: I tensorflow/compiler/jit/xla_cpu_device.cc:41] Not creating XLA devices, tf_xla_enable_xla_devices not set
2024-03-22 15:16:18.214418: I tensorflow/core/common_runtime/process_util.cc:146] Creating new thread pool with default inter op setting: 2. Tune using inter_op_parallelism_threads for best performance.
2024-03-22 15:16:18.794119: I tensorflow/compiler/mlir/mlir_graph_optimization_pass.cc:116] None of the MLIR optimization passes are enabled (registered 2)
2024-03-22 15:16:18.794696: I tensorflow/core/platform/profile_utils/cpu_utils.cc:112] CPU Frequency: 2600000000 Hz
 
first y shape:  (112000, 8)
datagenerator definition successfull
start AI architecture definition
Model: "model"
_________________________________________________________________
Layer (type)                 Output Shape              Param #   
=================================================================
input1 (InputLayer)          [(None, 2, 8192, 1)]      0         
_________________________________________________________________
conv2d (Conv2D)              (None, 1, 8185, 40)       680       
_________________________________________________________________
dropout (Dropout)            (None, 1, 8185, 40)       0         
_________________________________________________________________
conv2d_1 (Conv2D)            (None, 1, 8182, 10)       1610      
_________________________________________________________________
dropout_1 (Dropout)          (None, 1, 8182, 10)       0         
_________________________________________________________________
flatten (Flatten)            (None, 81820)             0         
_________________________________________________________________
dense1 (Dense)               (None, 128)               10473088  
_________________________________________________________________
dense2 (Dense)               (None, 8)                 1032      
_________________________________________________________________
reshape (Reshape)            (None, 8)                 0         
=================================================================
Total params: 10,476,410
Trainable params: 10,476,410
Non-trainable params: 0
_________________________________________________________________
end of architecture
 
Training start
Epoch 1/100
2450/2450 - 1880s - loss: 1.6625 - accuracy: 0.3335 - val_loss: 1.2756 - val_accuracy: 0.4993
2024-03-22 15:47:39.008961: W tensorflow/python/util/util.cc:348] Sets are not currently considered sequences, but this may change in the future, so consider avoiding using them.

Epoch 00001: val_loss improved from inf to 1.27557, saving model to ./weights_folder/fusion_8192_orig_only
Epoch 2/100
2450/2450 - 1915s - loss: 1.0951 - accuracy: 0.5734 - val_loss: 0.9467 - val_accuracy: 0.6431

Epoch 00002: val_loss improved from 1.27557 to 0.94668, saving model to ./weights_folder/fusion_8192_orig_only
Epoch 3/100
2450/2450 - 1519s - loss: 0.7627 - accuracy: 0.7041 - val_loss: 0.7183 - val_accuracy: 0.7156

Epoch 00003: val_loss improved from 0.94668 to 0.71834, saving model to ./weights_folder/fusion_8192_orig_only
Epoch 4/100
2450/2450 - 1303s - loss: 0.5405 - accuracy: 0.7891 - val_loss: 0.5631 - val_accuracy: 0.7721

Epoch 00004: val_loss improved from 0.71834 to 0.56306, saving model to ./weights_folder/fusion_8192_orig_only
Epoch 5/100
2450/2450 - 1308s - loss: 0.4358 - accuracy: 0.8323 - val_loss: 0.5181 - val_accuracy: 0.7966

Epoch 00005: val_loss improved from 0.56306 to 0.51814, saving model to ./weights_folder/fusion_8192_orig_only
Epoch 6/100
2450/2450 - 1303s - loss: 0.3638 - accuracy: 0.8626 - val_loss: 0.4880 - val_accuracy: 0.8081

Epoch 00006: val_loss improved from 0.51814 to 0.48804, saving model to ./weights_folder/fusion_8192_orig_only
Epoch 7/100
2450/2450 - 1300s - loss: 0.3146 - accuracy: 0.8832 - val_loss: 0.4738 - val_accuracy: 0.8199

Epoch 00007: val_loss improved from 0.48804 to 0.47376, saving model to ./weights_folder/fusion_8192_orig_only
Epoch 8/100
2450/2450 - 1258s - loss: 0.2735 - accuracy: 0.8993 - val_loss: 0.4466 - val_accuracy: 0.8320

Epoch 00008: val_loss improved from 0.47376 to 0.44665, saving model to ./weights_folder/fusion_8192_orig_only
Epoch 9/100
2450/2450 - 1253s - loss: 0.2489 - accuracy: 0.9087 - val_loss: 0.4314 - val_accuracy: 0.8353

Epoch 00009: val_loss improved from 0.44665 to 0.43144, saving model to ./weights_folder/fusion_8192_orig_only
Epoch 10/100
2450/2450 - 1256s - loss: 0.2268 - accuracy: 0.9170 - val_loss: 0.4412 - val_accuracy: 0.8428

Epoch 00010: val_loss did not improve from 0.43144
Epoch 11/100
2450/2450 - 1252s - loss: 0.2052 - accuracy: 0.9272 - val_loss: 0.4232 - val_accuracy: 0.8449

Epoch 00011: val_loss improved from 0.43144 to 0.42322, saving model to ./weights_folder/fusion_8192_orig_only
Epoch 12/100
2450/2450 - 1251s - loss: 0.1919 - accuracy: 0.9311 - val_loss: 0.3849 - val_accuracy: 0.8576

Epoch 00012: val_loss improved from 0.42322 to 0.38487, saving model to ./weights_folder/fusion_8192_orig_only
Epoch 13/100
2450/2450 - 1252s - loss: 0.1748 - accuracy: 0.9373 - val_loss: 0.4075 - val_accuracy: 0.8527

Epoch 00013: val_loss did not improve from 0.38487
Epoch 14/100
2450/2450 - 1259s - loss: 0.1718 - accuracy: 0.9393 - val_loss: 0.3991 - val_accuracy: 0.8621

Epoch 00014: val_loss did not improve from 0.38487
Epoch 15/100
2450/2450 - 1253s - loss: 0.1577 - accuracy: 0.9436 - val_loss: 0.3800 - val_accuracy: 0.8654

Epoch 00015: val_loss improved from 0.38487 to 0.37996, saving model to ./weights_folder/fusion_8192_orig_only
Epoch 16/100
2450/2450 - 1250s - loss: 0.1525 - accuracy: 0.9462 - val_loss: 0.3520 - val_accuracy: 0.8740

Epoch 00016: val_loss improved from 0.37996 to 0.35201, saving model to ./weights_folder/fusion_8192_orig_only
Epoch 17/100
2450/2450 - 1253s - loss: 0.1468 - accuracy: 0.9490 - val_loss: 0.6181 - val_accuracy: 0.8221

Epoch 00017: val_loss did not improve from 0.35201
Epoch 18/100
2450/2450 - 1257s - loss: 0.1423 - accuracy: 0.9511 - val_loss: 0.3447 - val_accuracy: 0.8805

Epoch 00018: val_loss improved from 0.35201 to 0.34467, saving model to ./weights_folder/fusion_8192_orig_only
Epoch 19/100
2450/2450 - 1250s - loss: 0.1317 - accuracy: 0.9548 - val_loss: 0.3560 - val_accuracy: 0.8781

Epoch 00019: val_loss did not improve from 0.34467
Epoch 20/100
2450/2450 - 1252s - loss: 0.1242 - accuracy: 0.9575 - val_loss: 0.3981 - val_accuracy: 0.8677

Epoch 00020: val_loss did not improve from 0.34467
Epoch 21/100
2450/2450 - 1257s - loss: 0.1260 - accuracy: 0.9568 - val_loss: 0.8845 - val_accuracy: 0.7824

Epoch 00021: val_loss did not improve from 0.34467
Epoch 22/100
2450/2450 - 1253s - loss: 0.1212 - accuracy: 0.9584 - val_loss: 0.3769 - val_accuracy: 0.8753
slurmstepd: error: *** JOB 1343959 ON drg2-w016 CANCELLED AT 2024-03-22T23:31:35 DUE TO TIME LIMIT ***
