  1) releases/2021b
job start at Fri Feb 16 20:02:10 CET 2024
2024-02-16 20:02:15.037297: I tensorflow/compiler/jit/xla_cpu_device.cc:41] Not creating XLA devices, tf_xla_enable_xla_devices not set
2024-02-16 20:02:15.038160: I tensorflow/core/common_runtime/process_util.cc:146] Creating new thread pool with default inter op setting: 2. Tune using inter_op_parallelism_threads for best performance.
2024-02-16 20:02:18.499988: I tensorflow/compiler/mlir/mlir_graph_optimization_pass.cc:116] None of the MLIR optimization passes are enabled (registered 2)
2024-02-16 20:02:18.500428: I tensorflow/core/platform/profile_utils/cpu_utils.cc:112] CPU Frequency: 2600000000 Hz
 
first y_train shape:  (78400, 8)
first y shape:  (112000, 8)
datagenerator definition successfull
start AI architecture definition
Model: "model"
__________________________________________________________________________________________________
Layer (type)                    Output Shape         Param #     Connected to                     
==================================================================================================
input1 (InputLayer)             [(None, 2, 32768, 1) 0                                            
__________________________________________________________________________________________________
input2 (InputLayer)             [(None, 2, 16384, 1) 0                                            
__________________________________________________________________________________________________
input3 (InputLayer)             [(None, 2, 8192, 1)] 0                                            
__________________________________________________________________________________________________
input4 (InputLayer)             [(None, 2, 4096, 1)] 0                                            
__________________________________________________________________________________________________
input5 (InputLayer)             [(None, 2, 2048, 1)] 0                                            
__________________________________________________________________________________________________
input6 (InputLayer)             [(None, 2, 1024, 1)] 0                                            
__________________________________________________________________________________________________
conv2d (Conv2D)                 (None, 1, 32761, 40) 680         input1[0][0]                     
__________________________________________________________________________________________________
conv2d_2 (Conv2D)               (None, 1, 16377, 40) 680         input2[0][0]                     
__________________________________________________________________________________________________
conv2d_4 (Conv2D)               (None, 1, 8185, 40)  680         input3[0][0]                     
__________________________________________________________________________________________________
conv2d_6 (Conv2D)               (None, 1, 4089, 40)  680         input4[0][0]                     
__________________________________________________________________________________________________
conv2d_8 (Conv2D)               (None, 1, 2041, 40)  680         input5[0][0]                     
__________________________________________________________________________________________________
conv2d_10 (Conv2D)              (None, 1, 1017, 30)  510         input6[0][0]                     
__________________________________________________________________________________________________
dropout (Dropout)               (None, 1, 32761, 40) 0           conv2d[0][0]                     
__________________________________________________________________________________________________
dropout_2 (Dropout)             (None, 1, 16377, 40) 0           conv2d_2[0][0]                   
__________________________________________________________________________________________________
dropout_4 (Dropout)             (None, 1, 8185, 40)  0           conv2d_4[0][0]                   
__________________________________________________________________________________________________
dropout_6 (Dropout)             (None, 1, 4089, 40)  0           conv2d_6[0][0]                   
__________________________________________________________________________________________________
dropout_8 (Dropout)             (None, 1, 2041, 40)  0           conv2d_8[0][0]                   
__________________________________________________________________________________________________
dropout_10 (Dropout)            (None, 1, 1017, 30)  0           conv2d_10[0][0]                  
__________________________________________________________________________________________________
conv2d_1 (Conv2D)               (None, 1, 32758, 10) 1610        dropout[0][0]                    
__________________________________________________________________________________________________
conv2d_3 (Conv2D)               (None, 1, 16374, 10) 1610        dropout_2[0][0]                  
__________________________________________________________________________________________________
conv2d_5 (Conv2D)               (None, 1, 8182, 10)  1610        dropout_4[0][0]                  
__________________________________________________________________________________________________
conv2d_7 (Conv2D)               (None, 1, 4086, 10)  1610        dropout_6[0][0]                  
__________________________________________________________________________________________________
conv2d_9 (Conv2D)               (None, 1, 2038, 40)  6440        dropout_8[0][0]                  
__________________________________________________________________________________________________
conv2d_11 (Conv2D)              (None, 1, 1014, 10)  1210        dropout_10[0][0]                 
__________________________________________________________________________________________________
dropout_1 (Dropout)             (None, 1, 32758, 10) 0           conv2d_1[0][0]                   
__________________________________________________________________________________________________
dropout_3 (Dropout)             (None, 1, 16374, 10) 0           conv2d_3[0][0]                   
__________________________________________________________________________________________________
dropout_5 (Dropout)             (None, 1, 8182, 10)  0           conv2d_5[0][0]                   
__________________________________________________________________________________________________
dropout_7 (Dropout)             (None, 1, 4086, 10)  0           conv2d_7[0][0]                   
__________________________________________________________________________________________________
dropout_9 (Dropout)             (None, 1, 2038, 40)  0           conv2d_9[0][0]                   
__________________________________________________________________________________________________
dropout_11 (Dropout)            (None, 1, 1014, 10)  0           conv2d_11[0][0]                  
__________________________________________________________________________________________________
flatten (Flatten)               (None, 327580)       0           dropout_1[0][0]                  
__________________________________________________________________________________________________
flatten_1 (Flatten)             (None, 163740)       0           dropout_3[0][0]                  
__________________________________________________________________________________________________
flatten_2 (Flatten)             (None, 81820)        0           dropout_5[0][0]                  
__________________________________________________________________________________________________
flatten_3 (Flatten)             (None, 40860)        0           dropout_7[0][0]                  
__________________________________________________________________________________________________
flatten_4 (Flatten)             (None, 81520)        0           dropout_9[0][0]                  
__________________________________________________________________________________________________
flatten_5 (Flatten)             (None, 10140)        0           dropout_11[0][0]                 
__________________________________________________________________________________________________
concatenate (Concatenate)       (None, 705660)       0           flatten[0][0]                    
                                                                 flatten_1[0][0]                  
                                                                 flatten_2[0][0]                  
                                                                 flatten_3[0][0]                  
                                                                 flatten_4[0][0]                  
                                                                 flatten_5[0][0]                  
__________________________________________________________________________________________________
dense1 (Dense)                  (None, 128)          90324608    concatenate[0][0]                
__________________________________________________________________________________________________
dense2 (Dense)                  (None, 8)            1032        dense1[0][0]                     
__________________________________________________________________________________________________
reshape (Reshape)               (None, 8)            0           dense2[0][0]                     
==================================================================================================
Total params: 90,343,640
Trainable params: 90,343,640
Non-trainable params: 0
__________________________________________________________________________________________________
end of architecture
 
Training start
Epoch 1/100
2450/2450 - 11196s - loss: 14.0986 - accuracy: 0.1250 - val_loss: 14.1034 - val_accuracy: 0.1250
2024-02-16 23:08:56.049053: W tensorflow/python/util/util.cc:348] Sets are not currently considered sequences, but this may change in the future, so consider avoiding using them.

Epoch 00001: val_loss improved from inf to 14.10335, saving model to ./weights_folder/fusion_32768
Epoch 2/100
2450/2450 - 11416s - loss: 14.1034 - accuracy: 0.1250 - val_loss: 14.1034 - val_accuracy: 0.1250

Epoch 00002: val_loss improved from 14.10335 to 14.10335, saving model to ./weights_folder/fusion_32768
Epoch 3/100
2450/2450 - 11473s - loss: 14.1034 - accuracy: 0.1250 - val_loss: 14.1033 - val_accuracy: 0.1250
slurmstepd: error: *** JOB 1328367 ON drg2-w016 CANCELLED AT 2024-02-17T06:17:23 DUE TO TIME LIMIT ***
